
****** Result details ******
(mine - worst)

  F: 100.00 MHz
    Cycles: 61683.00
    Time: 616.83s
    Energy: 308415.00J

  *** Summary ***
    RWCEC: 61683.00
    Deadline: 5.00s
    Time Spent: 616.83s
    Total Energy: 308415.00J

**** Energy Reduction (based on greatest frequency) ****
(mine - worst)

  RWCEC: 61683.00
  Deadline: 5.00s
  Time Spent: 616.83s
  Max frequency: 100.00 MHz
  Max energy: 308415.00J
  Energy spent: 308415.00J
  Energy reduction: 0.00%


****** Result details ******
(valentin - worst)

  F: 100.00 MHz
    Cycles: 61683.00
    Time: 616.83s
    Energy: 308415.00J

  *** Summary ***
    RWCEC: 61683.00
    Deadline: 5.00s
    Time Spent: 616.83s
    Total Energy: 308415.00J

**** Energy Reduction (based on greatest frequency) ****
(valentin - worst)

  RWCEC: 61683.00
  Deadline: 5.00s
  Time Spent: 616.83s
  Max frequency: 100.00 MHz
  Max energy: 308415.00J
  Energy spent: 308415.00J
  Energy reduction: 0.00%


****** Result details ******
(mine - best)

  F: 100.00 MHz
    Cycles: 64.00
    Time: 0.64s
    Energy: 320.00J

  F: 60.00 MHz
    Cycles: 42.00
    Time: 0.70s
    Energy: 138.60J

  F: 20.00 MHz
    Cycles: 35.00
    Time: 1.75s
    Energy: 70.00J

  *** Summary ***
    RWCEC: 141.00
    Deadline: 5.00s
    Time Spent: 3.09s
    Total Energy: 528.60J

**** Energy Reduction (based on greatest frequency) ****
(mine - best)

  RWCEC: 141.00
  Deadline: 5.00s
  Time Spent: 3.09s
  Max frequency: 100.00 MHz
  Max energy: 705.00J
  Energy spent: 528.60J
  Energy reduction: 25.02%


****** Result details ******
(valentin - best)

  F: 100.00 MHz
    Cycles: 141.00
    Time: 1.41s
    Energy: 705.00J

  *** Summary ***
    RWCEC: 141.00
    Deadline: 5.00s
    Time Spent: 1.41s
    Total Energy: 705.00J

**** Energy Reduction (based on greatest frequency) ****
(valentin - best)

  RWCEC: 141.00
  Deadline: 5.00s
  Time Spent: 1.41s
  Max frequency: 100.00 MHz
  Max energy: 705.00J
  Energy spent: 705.00J
  Energy reduction: 0.00%


**** Energy Reduction (based on greatest frequency) ****
(mine - average)

  RWCEC: 30357.52
  Deadline: 5.00s
  Time Spent: 321.20s
  Max frequency: 100.00 MHz
  Max energy: 151787.59J
  Energy spent: 149182.40J
  Energy reduction: 1.72%


**** Energy Reduction (based on greatest frequency) ****
(valentin - average)

  RWCEC: 30357.52
  Deadline: 5.00s
  Time Spent: 303.58s
  Max frequency: 100.00 MHz
  Max energy: 151787.59J
  Energy spent: 151787.59J
  Energy reduction: 0.00%

real 986.95
user 985.75
sys 0.53
