
****** Result details ******
(mine - worst)

  F: 100.00 MHz
    Cycles: 56950.00
    Time: 569.50s
    Energy: 284750.00J

  *** Summary ***
    RWCEC: 56950.00
    Deadline: 5.00s
    Time Spent: 569.50s
    Total Energy: 284750.00J

**** Energy Reduction (based on greatest frequency) ****
(mine - worst)

  RWCEC: 56950.00
  Deadline: 5.00s
  Time Spent: 569.50s
  Max frequency: 100.00 MHz
  Max energy: 284750.00J
  Energy spent: 284750.00J
  Energy reduction: 0.00%


****** Result details ******
(valentin - worst)

  F: 100.00 MHz
    Cycles: 56950.00
    Time: 569.50s
    Energy: 284750.00J

  *** Summary ***
    RWCEC: 56950.00
    Deadline: 5.00s
    Time Spent: 569.50s
    Total Energy: 284750.00J

**** Energy Reduction (based on greatest frequency) ****
(valentin - worst)

  RWCEC: 56950.00
  Deadline: 5.00s
  Time Spent: 569.50s
  Max frequency: 100.00 MHz
  Max energy: 284750.00J
  Energy spent: 284750.00J
  Energy reduction: 0.00%


****** Result details ******
(mine - best)

  F: 100.00 MHz
    Cycles: 44.00
    Time: 0.44s
    Energy: 220.00J

  F: 60.00 MHz
    Cycles: 20.00
    Time: 0.33s
    Energy: 66.00J

  F: 20.00 MHz
    Cycles: 16.00
    Time: 0.80s
    Energy: 32.00J

  *** Summary ***
    RWCEC: 80.00
    Deadline: 5.00s
    Time Spent: 1.57s
    Total Energy: 318.00J

**** Energy Reduction (based on greatest frequency) ****
(mine - best)

  RWCEC: 80.00
  Deadline: 5.00s
  Time Spent: 1.57s
  Max frequency: 100.00 MHz
  Max energy: 400.00J
  Energy spent: 318.00J
  Energy reduction: 20.50%


****** Result details ******
(valentin - best)

  F: 100.00 MHz
    Cycles: 80.00
    Time: 0.80s
    Energy: 400.00J

  *** Summary ***
    RWCEC: 80.00
    Deadline: 5.00s
    Time Spent: 0.80s
    Total Energy: 400.00J

**** Energy Reduction (based on greatest frequency) ****
(valentin - best)

  RWCEC: 80.00
  Deadline: 5.00s
  Time Spent: 0.80s
  Max frequency: 100.00 MHz
  Max energy: 400.00J
  Energy spent: 400.00J
  Energy reduction: 0.00%


**** Energy Reduction (based on greatest frequency) ****
(mine - average)

  RWCEC: 28515.83
  Deadline: 5.00s
  Time Spent: 336.31s
  Max frequency: 100.00 MHz
  Max energy: 142579.16J
  Energy spent: 127949.66J
  Energy reduction: 10.26%


**** Energy Reduction (based on greatest frequency) ****
(valentin - average)

  RWCEC: 28515.83
  Deadline: 5.00s
  Time Spent: 285.16s
  Max frequency: 100.00 MHz
  Max energy: 142579.16J
  Energy spent: 142579.16J
  Energy reduction: 0.00%

real 1.24
user 1.18
sys 0.01
