
****** Result details ******
(mine - worst)

  F: 100.00 MHz
    Cycles: 13651.00
    Time: 136.51s
    Energy: 68255.00J

  *** Summary ***
    RWCEC: 13651.00
    Deadline: 5.00s
    Time Spent: 136.51s
    Total Energy: 68255.00J

**** Energy Reduction (based on greatest frequency) ****
(mine - worst)

  RWCEC: 13651.00
  Deadline: 5.00s
  Time Spent: 136.51s
  Max frequency: 100.00 MHz
  Max energy: 68255.00J
  Energy spent: 68255.00J
  Energy reduction: 0.00%


****** Result details ******
(valentin - worst)

  F: 100.00 MHz
    Cycles: 13651.00
    Time: 136.51s
    Energy: 68255.00J

  *** Summary ***
    RWCEC: 13651.00
    Deadline: 5.00s
    Time Spent: 136.51s
    Total Energy: 68255.00J

**** Energy Reduction (based on greatest frequency) ****
(valentin - worst)

  RWCEC: 13651.00
  Deadline: 5.00s
  Time Spent: 136.51s
  Max frequency: 100.00 MHz
  Max energy: 68255.00J
  Energy spent: 68255.00J
  Energy reduction: 0.00%


****** Result details ******
(mine - best)

  F: 100.00 MHz
    Cycles: 39.00
    Time: 0.39s
    Energy: 195.00J

  F: 80.00 MHz
    Cycles: 20.00
    Time: 0.25s
    Energy: 80.00J

  F: 60.00 MHz
    Cycles: 20.00
    Time: 0.33s
    Energy: 66.00J

  F: 20.00 MHz
    Cycles: 16.00
    Time: 0.80s
    Energy: 32.00J

  *** Summary ***
    RWCEC: 95.00
    Deadline: 5.00s
    Time Spent: 1.77s
    Total Energy: 373.00J

**** Energy Reduction (based on greatest frequency) ****
(mine - best)

  RWCEC: 95.00
  Deadline: 5.00s
  Time Spent: 1.77s
  Max frequency: 100.00 MHz
  Max energy: 475.00J
  Energy spent: 373.00J
  Energy reduction: 21.47%


****** Result details ******
(valentin - best)

  F: 100.00 MHz
    Cycles: 95.00
    Time: 0.95s
    Energy: 475.00J

  *** Summary ***
    RWCEC: 95.00
    Deadline: 5.00s
    Time Spent: 0.95s
    Total Energy: 475.00J

**** Energy Reduction (based on greatest frequency) ****
(valentin - best)

  RWCEC: 95.00
  Deadline: 5.00s
  Time Spent: 0.95s
  Max frequency: 100.00 MHz
  Max energy: 475.00J
  Energy spent: 475.00J
  Energy reduction: 0.00%


**** Energy Reduction (based on greatest frequency) ****
(mine - average)

  RWCEC: 6705.58
  Deadline: 5.00s
  Time Spent: 76.06s
  Max frequency: 100.00 MHz
  Max energy: 33527.92J
  Energy spent: 30624.35J
  Energy reduction: 8.66%


**** Energy Reduction (based on greatest frequency) ****
(valentin - average)

  RWCEC: 6705.58
  Deadline: 5.00s
  Time Spent: 67.06s
  Max frequency: 100.00 MHz
  Max energy: 33527.92J
  Energy spent: 33527.92J
  Energy reduction: 0.00%

real 1.29
user 1.24
sys 0.03
