
****** Result details ******
(mine - worst)

  F: 100.00 MHz
    Cycles: 8763.00
    Time: 87.63s
    Energy: 43815.00J

  *** Summary ***
    RWCEC: 8763.00
    Deadline: 5.00s
    Time Spent: 87.63s
    Total Energy: 43815.00J

**** Energy Reduction (based on greatest frequency) ****
(mine - worst)

  RWCEC: 8763.00
  Deadline: 5.00s
  Time Spent: 87.63s
  Max frequency: 100.00 MHz
  Max energy: 43815.00J
  Energy spent: 43815.00J
  Energy reduction: 0.00%


****** Result details ******
(valentin - worst)

  F: 100.00 MHz
    Cycles: 8763.00
    Time: 87.63s
    Energy: 43815.00J

  *** Summary ***
    RWCEC: 8763.00
    Deadline: 5.00s
    Time Spent: 87.63s
    Total Energy: 43815.00J

**** Energy Reduction (based on greatest frequency) ****
(valentin - worst)

  RWCEC: 8763.00
  Deadline: 5.00s
  Time Spent: 87.63s
  Max frequency: 100.00 MHz
  Max energy: 43815.00J
  Energy spent: 43815.00J
  Energy reduction: 0.00%


****** Result details ******
(mine - best)

  F: 100.00 MHz
    Cycles: 139.00
    Time: 1.39s
    Energy: 695.00J

  F: 20.00 MHz
    Cycles: 28.00
    Time: 1.40s
    Energy: 56.00J

  *** Summary ***
    RWCEC: 167.00
    Deadline: 5.00s
    Time Spent: 2.79s
    Total Energy: 751.00J

**** Energy Reduction (based on greatest frequency) ****
(mine - best)

  RWCEC: 167.00
  Deadline: 5.00s
  Time Spent: 2.79s
  Max frequency: 100.00 MHz
  Max energy: 835.00J
  Energy spent: 751.00J
  Energy reduction: 10.06%


****** Result details ******
(valentin - best)

  F: 100.00 MHz
    Cycles: 167.00
    Time: 1.67s
    Energy: 835.00J

  *** Summary ***
    RWCEC: 167.00
    Deadline: 5.00s
    Time Spent: 1.67s
    Total Energy: 835.00J

**** Energy Reduction (based on greatest frequency) ****
(valentin - best)

  RWCEC: 167.00
  Deadline: 5.00s
  Time Spent: 1.67s
  Max frequency: 100.00 MHz
  Max energy: 835.00J
  Energy spent: 835.00J
  Energy reduction: 0.00%


**** Energy Reduction (based on greatest frequency) ****
(mine - average)

  RWCEC: 4317.24
  Deadline: 5.00s
  Time Spent: 48.99s
  Max frequency: 100.00 MHz
  Max energy: 21586.19J
  Energy spent: 20093.68J
  Energy reduction: 6.91%


**** Energy Reduction (based on greatest frequency) ****
(valentin - average)

  RWCEC: 4317.24
  Deadline: 5.00s
  Time Spent: 43.17s
  Max frequency: 100.00 MHz
  Max energy: 21586.19J
  Energy spent: 21586.19J
  Energy reduction: -0.00%

