
****** Result details ******
(mine - worst)

  F: 100.00 MHz
    Cycles: 58779.00
    Time: 587.79s
    Energy: 293895.00J

  *** Summary ***
    RWCEC: 58779.00
    Deadline: 5.00s
    Time Spent: 587.79s
    Total Energy: 293895.00J

**** Energy Reduction (based on greatest frequency) ****
(mine - worst)

  RWCEC: 58779.00
  Deadline: 5.00s
  Time Spent: 587.79s
  Max frequency: 100.00 MHz
  Max energy: 293895.00J
  Energy spent: 293895.00J
  Energy reduction: 0.00%


****** Result details ******
(valentin - worst)

  F: 100.00 MHz
    Cycles: 58779.00
    Time: 587.79s
    Energy: 293895.00J

  *** Summary ***
    RWCEC: 58779.00
    Deadline: 5.00s
    Time Spent: 587.79s
    Total Energy: 293895.00J

**** Energy Reduction (based on greatest frequency) ****
(valentin - worst)

  RWCEC: 58779.00
  Deadline: 5.00s
  Time Spent: 587.79s
  Max frequency: 100.00 MHz
  Max energy: 293895.00J
  Energy spent: 293895.00J
  Energy reduction: 0.00%


****** Result details ******
(mine - best)

  F: 100.00 MHz
    Cycles: 86.00
    Time: 0.86s
    Energy: 430.00J

  F: 80.00 MHz
    Cycles: 40.00
    Time: 0.50s
    Energy: 160.00J

  F: 60.00 MHz
    Cycles: 84.00
    Time: 1.40s
    Energy: 277.20J

  F: 20.00 MHz
    Cycles: 16.00
    Time: 0.80s
    Energy: 32.00J

  *** Summary ***
    RWCEC: 226.00
    Deadline: 5.00s
    Time Spent: 3.56s
    Total Energy: 899.20J

**** Energy Reduction (based on greatest frequency) ****
(mine - best)

  RWCEC: 226.00
  Deadline: 5.00s
  Time Spent: 3.56s
  Max frequency: 100.00 MHz
  Max energy: 1130.00J
  Energy spent: 899.20J
  Energy reduction: 20.42%


****** Result details ******
(valentin - best)

  F: 100.00 MHz
    Cycles: 226.00
    Time: 2.26s
    Energy: 1130.00J

  *** Summary ***
    RWCEC: 226.00
    Deadline: 5.00s
    Time Spent: 2.26s
    Total Energy: 1130.00J

**** Energy Reduction (based on greatest frequency) ****
(valentin - best)

  RWCEC: 226.00
  Deadline: 5.00s
  Time Spent: 2.26s
  Max frequency: 100.00 MHz
  Max energy: 1130.00J
  Energy spent: 1130.00J
  Energy reduction: 0.00%


**** Energy Reduction (based on greatest frequency) ****
(mine - average)

  RWCEC: 29410.01
  Deadline: 5.00s
  Time Spent: 318.23s
  Max frequency: 100.00 MHz
  Max energy: 147050.05J
  Energy spent: 139082.56J
  Energy reduction: 5.42%


**** Energy Reduction (based on greatest frequency) ****
(valentin - average)

  RWCEC: 29410.01
  Deadline: 5.00s
  Time Spent: 294.10s
  Max frequency: 100.00 MHz
  Max energy: 147050.05J
  Energy spent: 147050.05J
  Energy reduction: 0.00%

real 835.28
user 832.70
sys 0.52
