
****** Result details ******
(mine - worst)

  F: 100.00 MHz
    Cycles: 4456567.00
    Time: 44565.67s
    Energy: 22282835.00J

  *** Summary ***
    RWCEC: 4456567.00
    Deadline: 5.00s
    Time Spent: 44565.67s
    Total Energy: 22282835.00J

**** Energy Reduction (based on greatest frequency) ****
(mine - worst)

  RWCEC: 4456567.00
  Deadline: 5.00s
  Time Spent: 44565.67s
  Max frequency: 100.00 MHz
  Max energy: 22282835.00J
  Energy spent: 22282835.00J
  Energy reduction: 0.00%


****** Result details ******
(valentin - worst)

  F: 100.00 MHz
    Cycles: 4456567.00
    Time: 44565.67s
    Energy: 22282835.00J

  *** Summary ***
    RWCEC: 4456567.00
    Deadline: 5.00s
    Time Spent: 44565.67s
    Total Energy: 22282835.00J

**** Energy Reduction (based on greatest frequency) ****
(valentin - worst)

  RWCEC: 4456567.00
  Deadline: 5.00s
  Time Spent: 44565.67s
  Max frequency: 100.00 MHz
  Max energy: 22282835.00J
  Energy spent: 22282835.00J
  Energy reduction: 0.00%


****** Result details ******
(mine - best)

  F: 100.00 MHz
    Cycles: 62.00
    Time: 0.62s
    Energy: 310.00J

  F: 20.00 MHz
    Cycles: 52.00
    Time: 2.60s
    Energy: 104.00J

  *** Summary ***
    RWCEC: 114.00
    Deadline: 5.00s
    Time Spent: 3.22s
    Total Energy: 414.00J

**** Energy Reduction (based on greatest frequency) ****
(mine - best)

  RWCEC: 114.00
  Deadline: 5.00s
  Time Spent: 3.22s
  Max frequency: 100.00 MHz
  Max energy: 570.00J
  Energy spent: 414.00J
  Energy reduction: 27.37%


****** Result details ******
(valentin - best)

  F: 100.00 MHz
    Cycles: 114.00
    Time: 1.14s
    Energy: 570.00J

  *** Summary ***
    RWCEC: 114.00
    Deadline: 5.00s
    Time Spent: 1.14s
    Total Energy: 570.00J

**** Energy Reduction (based on greatest frequency) ****
(valentin - best)

  RWCEC: 114.00
  Deadline: 5.00s
  Time Spent: 1.14s
  Max frequency: 100.00 MHz
  Max energy: 570.00J
  Energy spent: 570.00J
  Energy reduction: 0.00%


**** Energy Reduction (based on greatest frequency) ****
(mine - average)

  RWCEC: 2228338.50
  Deadline: 5.00s
  Time Spent: 22286.28s
  Max frequency: 100.00 MHz
  Max energy: 11141692.50J
  Energy spent: 11141475.01J
  Energy reduction: 0.00%


**** Energy Reduction (based on greatest frequency) ****
(valentin - average)

  RWCEC: 2228338.50
  Deadline: 5.00s
  Time Spent: 22283.39s
  Max frequency: 100.00 MHz
  Max energy: 11141692.50J
  Energy spent: 11141692.50J
  Energy reduction: 0.00%

real 27740.73
user 27711.94
sys 12.56
