
****** Result details ******
(mine - worst)

  F: 100.00 MHz
    Cycles: 44569.00
    Time: 445.69s
    Energy: 222845.00J

  *** Summary ***
    RWCEC: 44569.00
    Deadline: 5.00s
    Time Spent: 445.69s
    Total Energy: 222845.00J

**** Energy Reduction (based on greatest frequency) ****
(mine - worst)

  RWCEC: 44569.00
  Deadline: 5.00s
  Time Spent: 445.69s
  Max frequency: 100.00 MHz
  Max energy: 222845.00J
  Energy spent: 222845.00J
  Energy reduction: 0.00%


****** Result details ******
(valentin - worst)

  F: 100.00 MHz
    Cycles: 44569.00
    Time: 445.69s
    Energy: 222845.00J

  *** Summary ***
    RWCEC: 44569.00
    Deadline: 5.00s
    Time Spent: 445.69s
    Total Energy: 222845.00J

**** Energy Reduction (based on greatest frequency) ****
(valentin - worst)

  RWCEC: 44569.00
  Deadline: 5.00s
  Time Spent: 445.69s
  Max frequency: 100.00 MHz
  Max energy: 222845.00J
  Energy spent: 222845.00J
  Energy reduction: 0.00%


****** Result details ******
(mine - best)

  F: 100.00 MHz
    Cycles: 881.00
    Time: 8.81s
    Energy: 4405.00J

  F: 80.00 MHz
    Cycles: 198.00
    Time: 2.48s
    Energy: 792.00J

  F: 60.00 MHz
    Cycles: 124.00
    Time: 2.07s
    Energy: 409.20J

  F: 20.00 MHz
    Cycles: 90.00
    Time: 4.50s
    Energy: 180.00J

  *** Summary ***
    RWCEC: 1293.00
    Deadline: 5.00s
    Time Spent: 17.85s
    Total Energy: 5786.20J

**** Energy Reduction (based on greatest frequency) ****
(mine - best)

  RWCEC: 1293.00
  Deadline: 5.00s
  Time Spent: 17.85s
  Max frequency: 100.00 MHz
  Max energy: 6465.00J
  Energy spent: 5786.20J
  Energy reduction: 10.50%


****** Result details ******
(valentin - best)

  F: 100.00 MHz
    Cycles: 1293.00
    Time: 12.93s
    Energy: 6465.00J

  *** Summary ***
    RWCEC: 1293.00
    Deadline: 5.00s
    Time Spent: 12.93s
    Total Energy: 6465.00J

**** Energy Reduction (based on greatest frequency) ****
(valentin - best)

  RWCEC: 1293.00
  Deadline: 5.00s
  Time Spent: 12.93s
  Max frequency: 100.00 MHz
  Max energy: 6465.00J
  Energy spent: 6465.00J
  Energy reduction: 0.00%


**** Energy Reduction (based on greatest frequency) ****
(mine - average)

  RWCEC: 20948.49
  Deadline: 5.00s
  Time Spent: 216.56s
  Max frequency: 100.00 MHz
  Max energy: 104742.46J
  Energy spent: 103045.98J
  Energy reduction: 1.62%


**** Energy Reduction (based on greatest frequency) ****
(valentin - average)

  RWCEC: 20948.49
  Deadline: 5.00s
  Time Spent: 209.48s
  Max frequency: 100.00 MHz
  Max energy: 104742.46J
  Energy spent: 104742.46J
  Energy reduction: 0.00%

real 454.77
user 453.90
sys 0.52
